Arguments: 
  C:\Program Files\nodejs\node.exe C:\Users\Manull\AppData\Roaming\npm\node_modules\yarn\bin\yarn.js install

PATH: 
  C:\Program Files\Microsoft SDKs\Azure\CLI2\wbin;C:\Python311\Scripts\;C:\Python311\;C:\Windows\system32;C:\Windows;C:\Windows\System32\Wbem;C:\Windows\System32\WindowsPowerShell\v1.0\;C:\Windows\System32\OpenSSH\;C:\Program Files (x86)\NVIDIA Corporation\PhysX\Common;C:\Program Files\NVIDIA Corporation\NVIDIA NvDLISR;C:\Program Files\Git\cmd;C:\WINDOWS\system32;C:\WINDOWS;C:\WINDOWS\System32\Wbem;C:\WINDOWS\System32\WindowsPowerShell\v1.0\;C:\WINDOWS\System32\OpenSSH\;C:\ProgramData\chocolatey\bin;C:\Users\Manull\AppData\Roaming\nvm;C:\Program Files\nodejs;C:\Program Files (x86)\Microsoft SQL Server\160\DTS\Binn\;C:\Program Files\Azure Data Studio\bin;C:\Program Files (x86)\Microsoft SQL Server\160\Tools\Binn\;C:\Program Files\Microsoft SQL Server\160\Tools\Binn\;C:\Program Files\Microsoft SQL Server\Client SDK\ODBC\170\Tools\Binn\;C:\Program Files\Microsoft SQL Server\160\DTS\Binn\;C:\Program Files\Docker\Docker\resources\bin;C:\Users\Manull\AppData\Local\Google\Cloud SDK\google-cloud-sdk\bin;C:\Program Files\MySQL\MySQL Shell 8.0\bin\;C:\Program Files (x86)\nodejs;C:\Users\Manull\AppData\Local\Microsoft\WindowsApps;C:\Users\Manull\AppData\Local\Programs\Microsoft VS Code\bin;D:\PostgreSQL\14\bin;C:\Users\Manull\AppData\Roaming\npm;C:\Users\Manull\AppData\Roaming\nvm;C:\dev\flutter\bin;

Yarn version: 
  1.22.19

Node version: 
  20.1.0

Platform: 
  win32 x64

Trace: 
  Error: EPERM: operation not permitted, lstat 'C:\Users\Manull\Desktop\lasalleapp\frontend\lasalle\node_modules\mathjax-full\js\input\mathml\mml3\mml3-node.d.ts'

npm manifest: 
  {
    "name": "lasalle",
    "version": "1.0.0",
    "scripts": {
      "android": "expo start --android",
      "format": "eslint '**/*.{js,jsx,ts,tsx}' --fix && prettier '**/*.{js,jsx,ts,tsx,json}' --write",
      "ios": "expo start --ios",
      "start": "expo start",
      "web": "expo start --web"
    },
    "dependencies": {
      "@expo/vector-icons": "^14.0.0",
      "@react-native-async-storage/async-storage": "1.23.1",
      "@react-native-firebase/app": "18.8.0",
      "@react-native-firebase/firestore": "17.5.0",
      "@react-native-picker/picker": "2.7.5",
      "@react-navigation/native": "^6.1.7",
      "@react-navigation/stack": "^6.3.17",
      "@tamagui/core": "^1.84.0",
      "axios": "^1.6.2",
      "base-64": "^1.0.0",
      "expo": "^51.0.1",
      "expo-av": "~14.0.3",
      "expo-file-system": "~17.0.1",
      "expo-font": "~12.0.4",
      "expo-image-picker": "~15.0.4",
      "expo-sharing": "~12.0.1",
      "expo-splash-screen": "~0.27.4",
      "expo-status-bar": "~1.12.1",
      "expo-updates": "~0.25.10",
      "firebase": "10.7.1",
      "firebase-admin": "^12.0.0",
      "jwt-decode": "^4.0.0",
      "nativewind": "^2.0.11",
      "react": "18.2.0",
      "react-hook-mathjax": "^2.0.5",
      "react-native": "0.74.1",
      "react-native-blob-util": "^0.19.6",
      "react-native-gesture-handler": "~2.16.1",
      "react-native-image-picker": "^7.0.3",
      "react-native-image-viewing": "^0.2.2",
      "react-native-image-zoom-viewer": "^3.0.1",
      "react-native-katex": "1.0.1",
      "react-native-math-view": "3.9.5",
      "react-native-mathjax": "2.1.2",
      "react-native-mathjax-html-to-svg": "1.1.0",
      "react-native-mathjax-text-svg": "^1.0.14",
      "react-native-modal": "^13.0.1",
      "react-native-progress": "^5.0.1",
      "react-native-safe-area-context": "4.4.1",
      "react-native-screens": "3.31.1",
      "react-native-svg": "15.2.0",
      "react-native-toast-message": "^2.2.0",
      "react-native-web": "~0.19.6",
      "react-native-webview": "13.8.6"
    },
    "devDependencies": {
      "@babel/core": "^7.24.0",
      "@types/base-64": "^1.0.2",
      "@types/react": "~18.2.79",
      "@typescript-eslint/eslint-plugin": "^6.7.2",
      "@typescript-eslint/parser": "^6.7.2",
      "eslint": "^8.50.0",
      "eslint-config-universe": "^12.0.0",
      "prettier": "^3.0.3",
      "tailwindcss": "3.3.2",
      "typescript": "^5.1.3"
    },
    "eslintConfig": {
      "extends": "universe/native"
    },
    "main": "node_modules/expo/AppEntry.js",
    "expo": {
      "install": {
        "exclude": [
          "react-native-safe-area-context"
        ]
      }
    },
    "private": true
  }

yarn manifest: 
  No manifest

Lockfile: 
  No lockfile
